Arguments: 
  C:\Program Files\nodejs\node.exe C:\Program Files (x86)\Yarn\bin\yarn.js install

PATH: 
  C:\Users\Casper-Adams\Desktop\Development\Node-js\guide\node_modules\.bin;C:\Program Files\JetBrains\WebStorm 2019.2\jbr\\bin;C:\Program Files\JetBrains\WebStorm 2019.2\jbr\\bin\server;C:\ProgramData\DockerDesktop\version-bin;C:\Program Files\Docker\Docker\Resources\bin;C:\Ruby25-x64\bin;C:\Windows\system32;C:\Windows;C:\Windows\System32\Wbem;C:\Windows\System32\WindowsPowerShell\v1.0\;C:\Windows\System32\OpenSSH\;C:\Program Files (x86)\Intel\OpenCL SDK\2.0\bin\x86;C:\Program Files (x86)\Intel\OpenCL SDK\2.0\bin\x64;C:\Program Files\nodejs\;C:\Program Files\Git\cmd;C:\Program Files\Git\mingw64\bin;C:\Program Files\Git\usr\bin;C:\xampp\php;C:\ProgramData\ComposerSetup\bin;C:\Program Files (x86)\Yarn\bin;C:\Users\Casper-Adams\AppData\Roaming\npm;C:\Users\Casper-Adams\AppData\Local\Programs\Python\Python38;C:\Users\Casper-Adams\AppData\Local\hyper\app-3.0.2\resources\bin;C:\Users\Casper-Adams\AppData\Roaming\npm;C:\Users\Casper-Adams\AppData\Local\Programs\Python\Python38;C:\Program Files\Heroku\bin;C:\Users\Casper-Adams\AppData\Local\Programs\Microsoft VS Code\bin;C:\Program Files\JetBrains\WebStorm 2019.2\bin;

Yarn version: 
  1.3.2

Node version: 
  12.2.0

Platform: 
  win32 x64

npm manifest: 
  {
    "name": "guide",
    "version": "1.0.0",
    "description": "",
    "main": "server.js",
    "scripts": {
      "dev": "nodemon server.js",
      "start": "node server.js"
    },
    "keywords": [],
    "author": "",
    "license": "ISC",
    "dependencies": {
      "bcryptjs": "^2.4.3",
      "body-parser": "^1.19.0",
      "compression": "^1.7.4",
      "config": "^3.2.2",
      "connect-flash": "^0.1.1",
      "connect-mongodb-session": "^2.2.0",
      "cookie-parser": "^1.4.4",
      "cors": "^2.8.5",
      "csurf": "^1.10.0",
      "ejs": "^2.6.2",
      "express": "^4.17.1",
      "express-async-errors": "^3.1.1",
      "express-fileupload": "^1.1.5",
      "express-handlebars": "^3.1.0",
      "express-session": "^1.16.2",
      "gravatar": "^1.8.0",
      "gravator": "^1.0.2",
      "helmet": "^3.20.0",
      "mongodb": "^3.3.0-beta2",
      "mongoose": "^5.6.7",
      "morgan": "^1.9.1",
      "multer": "^1.4.2",
      "mysql2": "^1.6.5",
      "nodemailer": "^6.3.0",
      "joi": "^14.3.1",
      "joi-objectid": "^2.0.0",
      "nodemailer-sendgrid-transport": "^0.2.0",
      "pdfkit": "^0.10.0",
      "pug": "^2.0.4",
      "sequelize": "^5.12.2",
      "stripe": "^7.5.3",
      "validator": "^11.1.0"
    }
  }

yarn manifest: 
  No manifest

Lockfile: 
  No lockfile

Trace: 
  Error: getaddrinfo ENOTFOUND registry.yarnpkg.com
      at GetAddrInfoReqWrap.onlookup [as oncomplete] (dns.js:60:26)
